#
# There is insufficient memory for the Java Runtime Environment to continue.
# Native memory allocation (malloc) failed to allocate 111120 bytes for Chunk::new
# Possible reasons:
#   The system is out of physical RAM or swap space
#   In 32 bit mode, the process size limit was hit
# Possible solutions:
#   Reduce memory load on the system
#   Increase physical memory or swap space
#   Check if swap backing store is full
#   Use 64 bit Java on a 64 bit OS
#   Decrease Java heap size (-Xmx/-Xms)
#   Decrease number of Java threads
#   Decrease Java thread stack sizes (-Xss)
#   Set larger code cache with -XX:ReservedCodeCacheSize=
# This output file may be truncated or incomplete.
#
#  Out of Memory Error (allocation.cpp:390), pid=5844, tid=9648
#
# JRE version: Java(TM) SE Runtime Environment (8.0_65-b17) (build 1.8.0_65-b17)
# Java VM: Java HotSpot(TM) 64-Bit Server VM (25.65-b01 mixed mode windows-amd64 compressed oops)
# Failed to write core dump. Minidumps are not enabled by default on client versions of Windows
#

---------------  T H R E A D  ---------------

Current thread (0x000000001639e000):  JavaThread "C2 CompilerThread0" daemon [_thread_in_native, id=9648, stack(0x00000000179e0000,0x0000000017ae0000)]

Stack: [0x00000000179e0000,0x0000000017ae0000]
[error occurred during error reporting (printing stack bounds), id 0xc0000005]

Native frames: (J=compiled Java code, j=interpreted, Vv=VM code, C=native code)


Current CompileTask:
C2:  43710 3924   !   4       org.apache.catalina.startup.ContextConfig::populateJavaClassCache (159 bytes)


---------------  P R O C E S S  ---------------

Java Threads: ( => current thread )
  0x0000000019403000 JavaThread "localhost-startStop-1" daemon [_thread_in_vm, id=3256, stack(0x000000001bba0000,0x000000001bca0000)]
  0x0000000019401800 JavaThread "Tomcat-startStop-1" daemon [_thread_in_vm, id=12196, stack(0x000000001baa0000,0x000000001bba0000)]
  0x0000000017d16000 JavaThread "Service Thread" daemon [_thread_blocked, id=10320, stack(0x00000000180e0000,0x00000000181e0000)]
  0x00000000163aa000 JavaThread "C1 CompilerThread2" daemon [_thread_in_vm, id=5284, stack(0x0000000017be0000,0x0000000017ce0000)]
  0x00000000163a4800 JavaThread "C2 CompilerThread1" daemon [_thread_in_native, id=11308, stack(0x0000000017ae0000,0x0000000017be0000)]
=>0x000000001639e000 JavaThread "C2 CompilerThread0" daemon [_thread_in_native, id=9648, stack(0x00000000179e0000,0x0000000017ae0000)]
  0x000000001639c000 JavaThread "Attach Listener" daemon [_thread_blocked, id=11872, stack(0x00000000178e0000,0x00000000179e0000)]
  0x000000001639a800 JavaThread "Signal Dispatcher" daemon [_thread_blocked, id=1200, stack(0x00000000177e0000,0x00000000178e0000)]
  0x0000000002b16800 JavaThread "Finalizer" daemon [_thread_blocked, id=10520, stack(0x0000000017600000,0x0000000017700000)]
  0x0000000002b0e000 JavaThread "Reference Handler" daemon [_thread_blocked, id=6264, stack(0x0000000017500000,0x0000000017600000)]
  0x0000000002a1d800 JavaThread "main" [_thread_blocked, id=12704, stack(0x0000000002860000,0x0000000002960000)]

Other Threads:
  0x0000000016367800 VMThread [stack: 0x0000000017400000,0x0000000017500000] [id=11364]
  0x0000000017d1b000 WatcherThread [stack: 0x00000000181e0000,0x00000000182e0000] [id=4360]

VM state:not at safepoint (normal execution)

VM Mutex/Monitor currently owned by a thread: None

Heap:
 PSYoungGen      total 66560K, used 24521K [0x00000000e0980000, 0x00000000e6780000, 0x0000000100000000)
  eden space 55296K, 25% used [0x00000000e0980000,0x00000000e1779968,0x00000000e3f80000)
  from space 11264K, 90% used [0x00000000e3f80000,0x00000000e4978e48,0x00000000e4a80000)
  to   space 12288K, 0% used [0x00000000e5b80000,0x00000000e5b80000,0x00000000e6780000)
 ParOldGen       total 64512K, used 33712K [0x00000000a1c00000, 0x00000000a5b00000, 0x00000000e0980000)
  object space 64512K, 52% used [0x00000000a1c00000,0x00000000a3cec278,0x00000000a5b00000)
 Metaspace       used 24692K, capacity 24936K, committed 25136K, reserved 1071104K
  class space    used 2898K, capacity 3000K, committed 3120K, reserved 1048576K

Card table byte_map: [0x0000000011ee0000,0x00000000121e0000] byte_map_base: 0x00000000119d2000

Marking Bits: (ParMarkBitMap*) 0x000000007014a5b0
 Begin Bits: [0x00000000127e0000, 0x0000000013f70000)
 End Bits:   [0x0000000013f70000, 0x0000000015700000)

Polling page: 0x0000000000f60000

CodeCache: size=245760Kb used=11892Kb max_used=11945Kb free=233867Kb
 bounds [0x0000000002b20000, 0x00000000036f0000, 0x0000000011b20000]
 total_blobs=3799 nmethods=3396 adapters=315
 compilation: enabled

Compilation events (10 events):
Event: 42.755 Thread 0x00000000163a4800 3922   !   4       org.apache.catalina.startup.ContextConfig::checkHandlesTypes (453 bytes)
Event: 42.830 Thread 0x000000001639e000 3923  s    4       java.lang.Throwable::fillInStackTrace (29 bytes)
Event: 42.836 Thread 0x000000001639e000 nmethod 3923 0x0000000002cd2e90 code [0x0000000002cd2fe0, 0x0000000002cd3308]
Event: 42.839 Thread 0x000000001639e000 3924   !   4       org.apache.catalina.startup.ContextConfig::populateJavaClassCache (159 bytes)
Event: 42.895 Thread 0x00000000163aa000 3925       1       sun.nio.cs.ISO_8859_1$Encoder::implReplaceWith (8 bytes)
Event: 42.895 Thread 0x00000000163aa000 nmethod 3925 0x0000000002cd2b50 code [0x0000000002cd2ca0, 0x0000000002cd2dd0]
Event: 43.336 Thread 0x00000000163aa000 3927       3       org.codehaus.plexus.classworlds.realm.ClassRealm::isImportedFromParent (65 bytes)
Event: 43.364 Thread 0x00000000163aa000 nmethod 3927 0x00000000036ba8d0 code [0x00000000036baaa0, 0x00000000036bb1c8]
Event: 43.548 Thread 0x00000000163aa000 3928       3       java.util.WeakHashMap::getEntry (72 bytes)
Event: 43.551 Thread 0x00000000163aa000 nmethod 3928 0x0000000002c59b10 code [0x0000000002c59ce0, 0x0000000002c5a568]

GC Heap History (10 events):
Event: 37.545 GC heap before
{Heap before GC invocations=14 (full 1):
 PSYoungGen      total 36864K, used 32739K [0x00000000e0980000, 0x00000000e3900000, 0x0000000100000000)
  eden space 25600K, 100% used [0x00000000e0980000,0x00000000e2280000,0x00000000e2280000)
  from space 11264K, 63% used [0x00000000e2d00000,0x00000000e33f8c08,0x00000000e3800000)
  to   space 10752K, 0% used [0x00000000e2280000,0x00000000e2280000,0x00000000e2d00000)
 ParOldGen       total 64512K, used 20212K [0x00000000a1c00000, 0x00000000a5b00000, 0x00000000e0980000)
  object space 64512K, 31% used [0x00000000a1c00000,0x00000000a2fbd0a8,0x00000000a5b00000)
 Metaspace       used 23826K, capacity 24066K, committed 24240K, reserved 1071104K
  class space    used 2810K, capacity 2903K, committed 2992K, reserved 1048576K
Event: 37.570 GC heap after
Heap after GC invocations=14 (full 1):
 PSYoungGen      total 36352K, used 6305K [0x00000000e0980000, 0x00000000e4300000, 0x0000000100000000)
  eden space 25600K, 0% used [0x00000000e0980000,0x00000000e0980000,0x00000000e2280000)
  from space 10752K, 58% used [0x00000000e2280000,0x00000000e28a8720,0x00000000e2d00000)
  to   space 10752K, 0% used [0x00000000e3880000,0x00000000e3880000,0x00000000e4300000)
 ParOldGen       total 64512K, used 22837K [0x00000000a1c00000, 0x00000000a5b00000, 0x00000000e0980000)
  object space 64512K, 35% used [0x00000000a1c00000,0x00000000a324d700,0x00000000a5b00000)
 Metaspace       used 23826K, capacity 24066K, committed 24240K, reserved 1071104K
  class space    used 2810K, capacity 2903K, committed 2992K, reserved 1048576K
}
Event: 38.118 GC heap before
{Heap before GC invocations=15 (full 1):
 PSYoungGen      total 36352K, used 31905K [0x00000000e0980000, 0x00000000e4300000, 0x0000000100000000)
  eden space 25600K, 100% used [0x00000000e0980000,0x00000000e2280000,0x00000000e2280000)
  from space 10752K, 58% used [0x00000000e2280000,0x00000000e28a8720,0x00000000e2d00000)
  to   space 10752K, 0% used [0x00000000e3880000,0x00000000e3880000,0x00000000e4300000)
 ParOldGen       total 64512K, used 22837K [0x00000000a1c00000, 0x00000000a5b00000, 0x00000000e0980000)
  object space 64512K, 35% used [0x00000000a1c00000,0x00000000a324d700,0x00000000a5b00000)
 Metaspace       used 23831K, capacity 24066K, committed 24240K, reserved 1071104K
  class space    used 2811K, capacity 2903K, committed 2992K, reserved 1048576K
Event: 38.144 GC heap after
Heap after GC invocations=15 (full 1):
 PSYoungGen      total 48128K, used 4916K [0x00000000e0980000, 0x00000000e4280000, 0x0000000100000000)
  eden space 37888K, 0% used [0x00000000e0980000,0x00000000e0980000,0x00000000e2e80000)
  from space 10240K, 48% used [0x00000000e3880000,0x00000000e3d4d2d8,0x00000000e4280000)
  to   space 10240K, 0% used [0x00000000e2e80000,0x00000000e2e80000,0x00000000e3880000)
 ParOldGen       total 64512K, used 25207K [0x00000000a1c00000, 0x00000000a5b00000, 0x00000000e0980000)
  object space 64512K, 39% used [0x00000000a1c00000,0x00000000a349dc70,0x00000000a5b00000)
 Metaspace       used 23831K, capacity 24066K, committed 24240K, reserved 1071104K
  class space    used 2811K, capacity 2903K, committed 2992K, reserved 1048576K
}
Event: 39.221 GC heap before
{Heap before GC invocations=16 (full 1):
 PSYoungGen      total 48128K, used 42804K [0x00000000e0980000, 0x00000000e4280000, 0x0000000100000000)
  eden space 37888K, 100% used [0x00000000e0980000,0x00000000e2e80000,0x00000000e2e80000)
  from space 10240K, 48% used [0x00000000e3880000,0x00000000e3d4d2d8,0x00000000e4280000)
  to   space 10240K, 0% used [0x00000000e2e80000,0x00000000e2e80000,0x00000000e3880000)
 ParOldGen       total 64512K, used 25207K [0x00000000a1c00000, 0x00000000a5b00000, 0x00000000e0980000)
  object space 64512K, 39% used [0x00000000a1c00000,0x00000000a349dc70,0x00000000a5b00000)
 Metaspace       used 24675K, capacity 24936K, committed 25136K, reserved 1071104K
  class space    used 2896K, capacity 3000K, committed 3120K, reserved 1048576K
Event: 39.248 GC heap after
Heap after GC invocations=16 (full 1):
 PSYoungGen      total 48128K, used 8958K [0x00000000e0980000, 0x00000000e5600000, 0x0000000100000000)
  eden space 37888K, 0% used [0x00000000e0980000,0x00000000e0980000,0x00000000e2e80000)
  from space 10240K, 87% used [0x00000000e2e80000,0x00000000e373f8a0,0x00000000e3880000)
  to   space 11264K, 0% used [0x00000000e4b00000,0x00000000e4b00000,0x00000000e5600000)
 ParOldGen       total 64512K, used 26752K [0x00000000a1c00000, 0x00000000a5b00000, 0x00000000e0980000)
  object space 64512K, 41% used [0x00000000a1c00000,0x00000000a36200b8,0x00000000a5b00000)
 Metaspace       used 24675K, capacity 24936K, committed 25136K, reserved 1071104K
  class space    used 2896K, capacity 3000K, committed 3120K, reserved 1048576K
}
Event: 42.104 GC heap before
{Heap before GC invocations=17 (full 1):
 PSYoungGen      total 48128K, used 46846K [0x00000000e0980000, 0x00000000e5600000, 0x0000000100000000)
  eden space 37888K, 100% used [0x00000000e0980000,0x00000000e2e80000,0x00000000e2e80000)
  from space 10240K, 87% used [0x00000000e2e80000,0x00000000e373f8a0,0x00000000e3880000)
  to   space 11264K, 0% used [0x00000000e4b00000,0x00000000e4b00000,0x00000000e5600000)
 ParOldGen       total 64512K, used 26752K [0x00000000a1c00000, 0x00000000a5b00000, 0x00000000e0980000)
  object space 64512K, 41% used [0x00000000a1c00000,0x00000000a36200b8,0x00000000a5b00000)
 Metaspace       used 24685K, capacity 24936K, committed 25136K, reserved 1071104K
  class space    used 2896K, capacity 3000K, committed 3120K, reserved 1048576K
Event: 42.142 GC heap after
Heap after GC invocations=17 (full 1):
 PSYoungGen      total 66048K, used 7656K [0x00000000e0980000, 0x00000000e5580000, 0x0000000100000000)
  eden space 55296K, 0% used [0x00000000e0980000,0x00000000e0980000,0x00000000e3f80000)
  from space 10752K, 71% used [0x00000000e4b00000,0x00000000e527a230,0x00000000e5580000)
  to   space 11264K, 0% used [0x00000000e3f80000,0x00000000e3f80000,0x00000000e4a80000)
 ParOldGen       total 64512K, used 31298K [0x00000000a1c00000, 0x00000000a5b00000, 0x00000000e0980000)
  object space 64512K, 48% used [0x00000000a1c00000,0x00000000a3a90878,0x00000000a5b00000)
 Metaspace       used 24685K, capacity 24936K, committed 25136K, reserved 1071104K
  class space    used 2896K, capacity 3000K, committed 3120K, reserved 1048576K
}
Event: 43.337 GC heap before
{Heap before GC invocations=18 (full 1):
 PSYoungGen      total 66048K, used 62952K [0x00000000e0980000, 0x00000000e5580000, 0x0000000100000000)
  eden space 55296K, 100% used [0x00000000e0980000,0x00000000e3f80000,0x00000000e3f80000)
  from space 10752K, 71% used [0x00000000e4b00000,0x00000000e527a230,0x00000000e5580000)
  to   space 11264K, 0% used [0x00000000e3f80000,0x00000000e3f80000,0x00000000e4a80000)
 ParOldGen       total 64512K, used 31298K [0x00000000a1c00000, 0x00000000a5b00000, 0x00000000e0980000)
  object space 64512K, 48% used [0x00000000a1c00000,0x00000000a3a90878,0x00000000a5b00000)
 Metaspace       used 24685K, capacity 24936K, committed 25136K, reserved 1071104K
  class space    used 2896K, capacity 3000K, committed 3120K, reserved 1048576K
Event: 43.364 GC heap after
Heap after GC invocations=18 (full 1):
 PSYoungGen      total 66560K, used 10211K [0x00000000e0980000, 0x00000000e6780000, 0x0000000100000000)
  eden space 55296K, 0% used [0x00000000e0980000,0x00000000e0980000,0x00000000e3f80000)
  from space 11264K, 90% used [0x00000000e3f80000,0x00000000e4978e48,0x00000000e4a80000)
  to   space 12288K, 0% used [0x00000000e5b80000,0x00000000e5b80000,0x00000000e6780000)
 ParOldGen       total 64512K, used 33712K [0x00000000a1c00000, 0x00000000a5b00000, 0x00000000e0980000)
  object space 64512K, 52% used [0x00000000a1c00000,0x00000000a3cec278,0x00000000a5b00000)
 Metaspace       used 24685K, capacity 24936K, committed 25136K, reserved 1071104K
  class space    used 2896K, capacity 3000K, committed 3120K, reserved 1048576K
}

Deoptimization events (10 events):
Event: 38.351 Thread 0x0000000019403000 Uncommon trap: reason=class_check action=maybe_recompile pc=0x0000000002e74614 method=java.util.jar.JarFile.getJarEntry(Ljava/lang/String;)Ljava/util/jar/JarEntry; @ 2
Event: 38.356 Thread 0x0000000019403000 Uncommon trap: reason=class_check action=maybe_recompile pc=0x0000000002e74614 method=java.util.jar.JarFile.getJarEntry(Ljava/lang/String;)Ljava/util/jar/JarEntry; @ 2
Event: 38.434 Thread 0x0000000019403000 Uncommon trap: reason=unstable_if action=reinterpret pc=0x0000000002c5cb74 method=java.lang.StringCoding.decode(Ljava/lang/String;[BII)[C @ 51
Event: 38.468 Thread 0x0000000019403000 Uncommon trap: reason=unstable_if action=reinterpret pc=0x0000000002f39ab4 method=java.util.regex.Matcher.search(I)Z @ 30
Event: 38.473 Thread 0x0000000019403000 Uncommon trap: reason=unstable_if action=reinterpret pc=0x0000000002e74e3c method=java.lang.CharacterDataLatin1.isWhitespace(I)Z @ 14
Event: 38.596 Thread 0x0000000019403000 Uncommon trap: reason=class_check action=maybe_recompile pc=0x0000000002e74614 method=java.util.jar.JarFile.getJarEntry(Ljava/lang/String;)Ljava/util/jar/JarEntry; @ 2
Event: 38.666 Thread 0x0000000019403000 Uncommon trap: reason=bimorphic action=maybe_recompile pc=0x0000000003667fbc method=java.util.Hashtable.put(Ljava/lang/Object;Ljava/lang/Object;)Ljava/lang/Object; @ 18
Event: 38.666 Thread 0x0000000019403000 Uncommon trap: reason=bimorphic action=maybe_recompile pc=0x0000000003667fbc method=java.util.Hashtable.put(Ljava/lang/Object;Ljava/lang/Object;)Ljava/lang/Object; @ 18
Event: 38.666 Thread 0x0000000019403000 Uncommon trap: reason=bimorphic action=maybe_recompile pc=0x0000000003667fbc method=java.util.Hashtable.put(Ljava/lang/Object;Ljava/lang/Object;)Ljava/lang/Object; @ 18
Event: 38.667 Thread 0x0000000019403000 Uncommon trap: reason=bimorphic action=maybe_recompile pc=0x0000000003667fbc method=java.util.Hashtable.put(Ljava/lang/Object;Ljava/lang/Object;)Ljava/lang/Object; @ 18

Internal exceptions (10 events):
Event: 12.054 Thread 0x0000000002a1d800 Implicit null exception at 0x0000000002ff0f22 to 0x0000000002ff13fd
Event: 29.492 Thread 0x0000000002a1d800 Exception <a 'java/io/FileNotFoundException'> (0x00000000e12a0f88) thrown at [C:\workspace\8-2-build-windows-amd64-cygwin\jdk8u65\4987\hotspot\src\share\vm\prims\jni.cpp, line 709]
Event: 32.586 Thread 0x0000000019403000 Implicit null exception at 0x0000000002c31a38 to 0x0000000002c32315
Event: 38.093 Thread 0x0000000019403000 Exception <a 'java/security/PrivilegedActionException'> (0x00000000e20be828) thrown at [C:\workspace\8-2-build-windows-amd64-cygwin\jdk8u65\4987\hotspot\src\share\vm\prims\jvm.cpp, line 1386]
Event: 38.093 Thread 0x0000000019403000 Exception <a 'java/security/PrivilegedActionException'> (0x00000000e20bec20) thrown at [C:\workspace\8-2-build-windows-amd64-cygwin\jdk8u65\4987\hotspot\src\share\vm\prims\jvm.cpp, line 1386]
Event: 38.095 Thread 0x0000000019403000 Exception <a 'java/security/PrivilegedActionException'> (0x00000000e20e0500) thrown at [C:\workspace\8-2-build-windows-amd64-cygwin\jdk8u65\4987\hotspot\src\share\vm\prims\jvm.cpp, line 1386]
Event: 38.095 Thread 0x0000000019403000 Exception <a 'java/security/PrivilegedActionException'> (0x00000000e20e08f8) thrown at [C:\workspace\8-2-build-windows-amd64-cygwin\jdk8u65\4987\hotspot\src\share\vm\prims\jvm.cpp, line 1386]
Event: 38.100 Thread 0x0000000019403000 Exception <a 'java/security/PrivilegedActionException'> (0x00000000e21354b0) thrown at [C:\workspace\8-2-build-windows-amd64-cygwin\jdk8u65\4987\hotspot\src\share\vm\prims\jvm.cpp, line 1386]
Event: 38.100 Thread 0x0000000019403000 Exception <a 'java/security/PrivilegedActionException'> (0x00000000e21358a8) thrown at [C:\workspace\8-2-build-windows-amd64-cygwin\jdk8u65\4987\hotspot\src\share\vm\prims\jvm.cpp, line 1386]
Event: 43.679 Thread 0x0000000019403000 Exception <a 'java/lang/OutOfMemoryError'> (0x00000000e16a25d0) thrown at [C:\workspace\8-2-build-windows-amd64-cygwin\jdk8u65\4987\hotspot\src\share\vm\prims\jni.cpp, line 735]

Events (10 events):
Event: 43.364 Thread 0x00000000163aa000 flushing nmethod 0x0000000002c593d0
Event: 43.551 Thread 0x00000000163aa000 flushing nmethod 0x0000000002c9a9d0
Event: 43.551 Thread 0x00000000163aa000 flushing nmethod 0x0000000002c9ad90
Event: 43.551 Thread 0x00000000163aa000 flushing nmethod 0x0000000002cf7a10
Event: 43.679 loading class java/util/zip/DataFormatException
Event: 43.679 loading class java/util/zip/DataFormatException done
Event: 43.680 loading class org/apache/tomcat/util/ExceptionUtils
Event: 43.680 loading class org/apache/tomcat/util/ExceptionUtils done
Event: 43.680 loading class org/apache/tomcat/util/ExceptionUtils
Event: 43.680 loading class org/apache/tomcat/util/ExceptionUtils done


Dynamic libraries:
0x00007ff750b80000 - 0x00007ff750bb7000 	C:\Program Files\Java\jre1.8.0_65\bin\javaw.exe
0x00007ff9188a0000 - 0x00007ff918a61000 	C:\WINDOWS\SYSTEM32\ntdll.dll
0x00007ff918130000 - 0x00007ff9181dd000 	C:\WINDOWS\system32\KERNEL32.DLL
0x00007ff915d90000 - 0x00007ff915f6d000 	C:\WINDOWS\system32\KERNELBASE.dll
0x00007ff917a70000 - 0x00007ff917b16000 	C:\WINDOWS\system32\ADVAPI32.dll
0x00007ff917cd0000 - 0x00007ff917d6d000 	C:\WINDOWS\system32\msvcrt.dll
0x00007ff9184d0000 - 0x00007ff91852b000 	C:\WINDOWS\system32\sechost.dll
0x00007ff918000000 - 0x00007ff918126000 	C:\WINDOWS\system32\RPCRT4.dll
0x00007ff917770000 - 0x00007ff9178be000 	C:\WINDOWS\system32\USER32.dll
0x00007ff918690000 - 0x00007ff918816000 	C:\WINDOWS\system32\GDI32.dll
0x00007ff90b180000 - 0x00007ff90b3f4000 	C:\WINDOWS\WinSxS\amd64_microsoft.windows.common-controls_6595b64144ccf1df_6.0.10240.16384_none_f41f7b285750ef43\COMCTL32.dll
0x00007ff918530000 - 0x00007ff918566000 	C:\WINDOWS\system32\IMM32.DLL
0x00007ff917d80000 - 0x00007ff917edc000 	C:\WINDOWS\system32\MSCTF.dll
0x0000000071960000 - 0x0000000071a32000 	C:\Program Files\Java\jre1.8.0_65\bin\msvcr100.dll
0x000000006f940000 - 0x00000000701c9000 	C:\Program Files\Java\jre1.8.0_65\bin\server\jvm.dll
0x00007ff918890000 - 0x00007ff918898000 	C:\WINDOWS\system32\PSAPI.DLL
0x00007ff913920000 - 0x00007ff913943000 	C:\WINDOWS\SYSTEM32\WINMM.dll
0x00007ff9138c0000 - 0x00007ff9138ec000 	C:\WINDOWS\SYSTEM32\WINMMBASE.dll
0x00007ff907060000 - 0x00007ff907069000 	C:\WINDOWS\SYSTEM32\WSOCK32.dll
0x00007ff915370000 - 0x00007ff9153b4000 	C:\WINDOWS\system32\cfgmgr32.dll
0x00007ff90a700000 - 0x00007ff90a70a000 	C:\WINDOWS\SYSTEM32\VERSION.dll
0x00007ff918460000 - 0x00007ff9184c9000 	C:\WINDOWS\system32\WS2_32.dll
0x00007ff917d70000 - 0x00007ff917d78000 	C:\WINDOWS\system32\NSI.dll
0x00007ff913ba0000 - 0x00007ff913bc7000 	C:\WINDOWS\SYSTEM32\DEVOBJ.dll
0x0000000071b00000 - 0x0000000071b0f000 	C:\Program Files\Java\jre1.8.0_65\bin\verify.dll
0x0000000071ad0000 - 0x0000000071af9000 	C:\Program Files\Java\jre1.8.0_65\bin\java.dll
0x0000000071ab0000 - 0x0000000071ac6000 	C:\Program Files\Java\jre1.8.0_65\bin\zip.dll
0x00007ff916240000 - 0x00007ff917762000 	C:\WINDOWS\system32\SHELL32.dll
0x00007ff9154d0000 - 0x00007ff915af9000 	C:\WINDOWS\system32\windows.storage.dll
0x00007ff9181e0000 - 0x00007ff91845c000 	C:\WINDOWS\system32\combase.dll
0x00007ff918570000 - 0x00007ff9185c1000 	C:\WINDOWS\system32\shlwapi.dll
0x00007ff9152d0000 - 0x00007ff9152df000 	C:\WINDOWS\system32\kernel.appcore.dll
0x00007ff915b00000 - 0x00007ff915bb3000 	C:\WINDOWS\system32\shcore.dll
0x00007ff915320000 - 0x00007ff91536a000 	C:\WINDOWS\system32\powrprof.dll
0x00007ff9152e0000 - 0x00007ff9152f3000 	C:\WINDOWS\system32\profapi.dll
0x0000000071a90000 - 0x0000000071aaa000 	C:\Program Files\Java\jre1.8.0_65\bin\net.dll
0x00007ff914b40000 - 0x00007ff914b9d000 	C:\WINDOWS\system32\mswsock.dll
0x0000000071a70000 - 0x0000000071a81000 	C:\Program Files\Java\jre1.8.0_65\bin\nio.dll
0x00007ff914ba0000 - 0x00007ff914bb7000 	C:\WINDOWS\SYSTEM32\CRYPTSP.dll
0x00007ff914e10000 - 0x00007ff914e38000 	C:\WINDOWS\SYSTEM32\bcrypt.dll
0x00007ff9147f0000 - 0x00007ff914823000 	C:\WINDOWS\system32\rsaenh.dll
0x00007ff9148e0000 - 0x00007ff9148ff000 	C:\WINDOWS\SYSTEM32\USERENV.dll
0x00007ff915120000 - 0x00007ff91518b000 	C:\WINDOWS\system32\bcryptprimitives.dll
0x00007ff914d10000 - 0x00007ff914d1b000 	C:\WINDOWS\SYSTEM32\CRYPTBASE.dll
0x00007ff90f740000 - 0x00007ff90f778000 	C:\WINDOWS\SYSTEM32\IPHLPAPI.DLL
0x00007ff90f670000 - 0x00007ff90f67b000 	C:\WINDOWS\SYSTEM32\WINNSI.DLL
0x00007ff90edf0000 - 0x00007ff90ee06000 	C:\WINDOWS\SYSTEM32\dhcpcsvc6.DLL
0x00007ff90edd0000 - 0x00007ff90edea000 	C:\WINDOWS\SYSTEM32\dhcpcsvc.DLL
0x0000000071950000 - 0x000000007195d000 	C:\Program Files\Java\jre1.8.0_65\bin\management.dll

VM Arguments:
jvm_args: -Dmaven.home=EMBEDDED -Dclassworlds.conf=C:\Users\rishii\workspace\.metadata\.plugins\org.eclipse.m2e.core\launches\m2conf6725769490207159181.tmp -Dfile.encoding=Cp1252 -Xbootclasspath:C:\Program Files\Java\jre1.8.0_65\lib\resources.jar;C:\Program Files\Java\jre1.8.0_65\lib\rt.jar;C:\Program Files\Java\jre1.8.0_65\lib\jsse.jar;C:\Program Files\Java\jre1.8.0_65\lib\jce.jar;C:\Program Files\Java\jre1.8.0_65\lib\charsets.jar;C:\Program Files\Java\jre1.8.0_65\lib\jfr.jar;C:\Program Files\Java\jdk1.8.0_45\lib\tools.jar 
java_command: org.codehaus.plexus.classworlds.launcher.Launcher -B tomcat7:run -X
java_class_path (initial): /C:/Users/rishii/Downloads/eclipse/configuration/org.eclipse.osgi/bundles/858/1/.cp/jars/plexus-classworlds-2.4.jar
Launcher Type: SUN_STANDARD

Environment Variables:
JAVA_HOME=C:\Program Files (x86)\Java\jdk1.8.0_45
CLASSPATH=%CLASSPATH%;%Java%\junit-4.10.jar;.;
PATH=C:/Program Files/Java/jre1.8.0_65/bin/server;C:/Program Files/Java/jre1.8.0_65/bin;C:/Program Files/Java/jre1.8.0_65/lib/amd64;C:\oraclexe\app\oracle\product\10.2.0\server\bin;C:\ProgramData\Oracle\Java\javapath;C:\Program Files (x86)\Intel\iCLS Client\;C:\Program Files\Intel\iCLS Client\;C:\WINDOWS\system32;C:\WINDOWS;C:\WINDOWS\System32\Wbem;C:\WINDOWS\System32\WindowsPowerShell\v1.0\;C:\Program Files\Intel\Intel(R) Management Engine Components\DAL;C:\Program Files\Intel\Intel(R) Management Engine Components\IPT;C:\Program Files (x86)\Intel\Intel(R) Management Engine Components\DAL;C:\Program Files (x86)\Intel\Intel(R) Management Engine Components\IPT;C:\Program Files\Intel\WiFi\bin\;C:\Program Files\Common Files\Intel\WirelessCommon\;C:\Program Files (x86)\Intel\OpenCL SDK\3.0\bin\x86;C:\Program Files (x86)\Intel\OpenCL SDK\3.0\bin\x64;C:\Python27;C:\Python27\Lib;C:\Python27\DLLs;C:\Python27\Lib\lib-tk;C:\Python27\Scripts; ;C:\Program Files (x86)\Windows Kits\8.0\Windows Performance Toolkit\;C:\Users\rishii\Desktop\hashdeep-release-4.4\tests\md5deep-3.9.2\md5deep64.exe\;C:\Users\rishii\AppData\Local\Android\sdk\platform-tools;C:\Users\rishii\Desktop\fciv.exe\;C:\Program Files (x86)\CodeBlocks\MinGW\bin;C:\WINDOWS\system32\config\systemprofile\.dnx\bin;C:\Program Files\Microsoft DNX\Dnvm\;C:\Program Files\Microsoft SQL Server\110\Tools\Binn\;C:\Program Files (x86)\Skype\Phone\;C:\Program Files (x86)\Brackets\command;C:\Program Files\Intel\WiFi\bin\;C:\Program Files\Common Files\Intel\WirelessCommon\;C:\Program Files (x86)\Java\jdk1.8.0_45\bin\;C:\Python27\Scripts\;C:\Users\rishii\Desktop\fciv.exe;C:\Users\rishii\AppData\Local\Programs\MiKTeX 2.9\miktex\bin\x64\;C:\Users\rishii\Downloads\eclipse;
USERNAME=rishii
OS=Windows_NT
PROCESSOR_IDENTIFIER=Intel64 Family 6 Model 69 Stepping 1, GenuineIntel



---------------  S Y S T E M  ---------------

OS: Windows 10.0 , 64 bit Build 10240 (10.0.10240.16384)

CPU:total 4 (2 cores per cpu, 2 threads per core) family 6 model 69 stepping 1, cmov, cx8, fxsr, mmx, sse, sse2, sse3, ssse3, sse4.1, sse4.2, popcnt, avx, avx2, aes, clmul, erms, lzcnt, ht, tsc, tscinvbit, bmi1, bmi2

Memory: 4k page, physical 6169560k(1010644k free), swap 9780184k(3252k free)

vm_info: Java HotSpot(TM) 64-Bit Server VM (25.65-b01) for windows-amd64 JRE (1.8.0_65-b17), built on Oct  6 2015 16:39:20 by "java_re" with MS VC++ 10.0 (VS2010)

time: Sun Feb 28 01:24:53 2016
elapsed time: 43 seconds (0d 0h 0m 43s)

